Change Component Designator: OldDesignator=U? NewDesignator=U1
Added Component: Designator=U4(NEO-M9N_UBL)
Add component (AddParameter): Name = "Mfr_Name"; Value = "Ublox"; VariantName = "[No Variations]"
Add component (AddParameter): Name = "RefDes"; Value = "RefDes"; VariantName = "[No Variations]"
Add component (AddParameter): Name = "Type"; Value = "Type"; VariantName = "[No Variations]"
Added Pin To Net: NetName=GND Pin=U1-1
Added Pin To Net: NetName=PWR_3V0 Pin=U1-2
Added Pin To Net: NetName=GND Pin=U1-26
Added Pin To Net: NetName=GND Pin=U1-42
Added Pin To Net: NetName=GND Pin=U1-43
Added Pin To Net: NetName=GND Pin=U1-44
Added Pin To Net: NetName=GND Pin=U1-45
Added Pin To Net: NetName=GND Pin=U1-46
Added Pin To Net: NetName=GND Pin=U1-47
Added Pin To Net: NetName=GND Pin=U1-48
Added Pin To Net: NetName=GND Pin=U1-49
Added Pin To Net: NetName=GND Pin=U1-50
Added Pin To Net: NetName=GND Pin=U1-51
Added Class: Name=GPS Module
Added Member To Class: ClassName=Accelerometer Member=Component C? 1u
Added Member To Class: ClassName=Accelerometer Member=Component R? 10K
Added Member To Class: ClassName=Accelerometer Member=Component R? 10K
Added Member To Class: ClassName=Accelerometer Member=Component R? 10K
Added Member To Class: ClassName=Accelerometer Member=Component R? 10K
Added Member To Class: ClassName=Accelerometer Member=Component U? XC6210B302MR-G
Added Member To Class: ClassName=Accelerometer Member=Component U? IIM-42352
Added Room: Name=Accelerometer
Added Room: Name=GPS Module
Added Room: Name=Power Harvesting
