Removed Pin From Net: NetName=INT1 Pin=U?-9
Change Component Description : Designator=C1 Old Description=No Description Available New Description=SMD-805
Change Component Description : Designator=C2 Old Description=No Description Available New Description=SMD-805
Change Component Description : Designator=C9 Old Description=No Description Available New Description=SMD-805
Added Component: Designator=C?(CAPC220145_100N_KEM)
Add component (AddParameter): Name = "Copyright"; Value = "Copyright (C) 2023 Ultra Librarian. All rights reserved."; VariantName = "[No Variations]"
Add component (AddParameter): Name = "Manufacturer_Part_Number"; Value = "C0805C105Z4VACTU"; VariantName = "[No Variations]"
Add component (AddParameter): Name = "Mfr_Name"; Value = "Kemet"; VariantName = "[No Variations]"
Add component (AddParameter): Name = "RefDes"; Value = "RefDes"; VariantName = "[No Variations]"
Add component (AddParameter): Name = "Type"; Value = "DEV"; VariantName = "[No Variations]"
Added Component: Designator=R?(RES_CRCW_0603)
Add component (AddParameter): Name = "Mfr_Name"; Value = "Vishay"; VariantName = "[No Variations]"
Add component (AddParameter): Name = "RefDes"; Value = ""; VariantName = "[No Variations]"
Add component (AddParameter): Name = "Type"; Value = ""; VariantName = "[No Variations]"
Added Component: Designator=R?(RES_CRCW_0603)
Add component (AddParameter): Name = "Mfr_Name"; Value = "Vishay"; VariantName = "[No Variations]"
Add component (AddParameter): Name = "RefDes"; Value = ""; VariantName = "[No Variations]"
Add component (AddParameter): Name = "Type"; Value = ""; VariantName = "[No Variations]"
Added Component: Designator=R?(RES_CRCW_0603)
Add component (AddParameter): Name = "Mfr_Name"; Value = "Vishay"; VariantName = "[No Variations]"
Add component (AddParameter): Name = "RefDes"; Value = ""; VariantName = "[No Variations]"
Add component (AddParameter): Name = "Type"; Value = ""; VariantName = "[No Variations]"
Added Component: Designator=R?(RES_CRCW_0603)
Add component (AddParameter): Name = "Mfr_Name"; Value = "Vishay"; VariantName = "[No Variations]"
Add component (AddParameter): Name = "RefDes"; Value = ""; VariantName = "[No Variations]"
Add component (AddParameter): Name = "Type"; Value = ""; VariantName = "[No Variations]"
Added Component: Designator=R?(RES_CRCW_0603)
Add component (AddParameter): Name = "Mfr_Name"; Value = "Vishay"; VariantName = "[No Variations]"
Add component (AddParameter): Name = "RefDes"; Value = ""; VariantName = "[No Variations]"
Add component (AddParameter): Name = "Type"; Value = ""; VariantName = "[No Variations]"
Added Pin To Net: NetName=GND Pin=C7-1
Added Pin To Net: NetName=PWR_3V0 Pin=C7-2
Added Pin To Net: NetName=GND Pin=C8-1
Added Pin To Net: NetName=PWR_3V0 Pin=C8-2
Added Pin To Net: NetName=GND Pin=C?-1
Added Pin To Net: NetName=PWR_3V0 Pin=C?-1
Added Pin To Net: NetName=GND Pin=C?-2
Added Pin To Net: NetName=PWR_5V Pin=C?-2
Added Pin To Net: NetName=GND Pin=R?-1
Added Pin To Net: NetName=PWR_3V0 Pin=R?-1
Added Pin To Net: NetName=PWR_3V0 Pin=R?-1
Added Pin To Net: NetName=PWR_3V0 Pin=R?-1
Added Pin To Net: NetName=PWR_3V0 Pin=R?-1
Added Pin To Net: NetName=I2C_ADDR Pin=R?-2
Added Pin To Net: NetName=I2C_ADDR Pin=R?-2
Added Pin To Net: NetName=I2C_CLK Pin=R?-2
Added Pin To Net: NetName=I2C_DATA Pin=R?-2
Added Pin To Net: NetName=PWR_3V0 Pin=R?-2
Added Pin To Net: NetName=INT2/FSYNC/CLKIN Pin=U?-9
Added Net: Name=INT2/FSYNC/CLKIN
Added Member To Class: ClassName=Accelerometer Member=Component C7 100n
Added Member To Class: ClassName=Accelerometer Member=Component C8 100n
Added Member To Class: ClassName=Accelerometer Member=Component C? 1u
Added Member To Class: ClassName=Accelerometer Member=Component C? 100n
Added Member To Class: ClassName=Accelerometer Member=Component R? 10K
Added Member To Class: ClassName=Accelerometer Member=Component R? 10K
Added Member To Class: ClassName=Accelerometer Member=Component R? 10K
Added Member To Class: ClassName=Accelerometer Member=Component R? 10K
Added Member To Class: ClassName=Accelerometer Member=Component R? 10K
Added Member To Class: ClassName=Accelerometer Member=Component U? IIM-42352
Added Room: Name=Accelerometer
Added Room: Name=Power Harvesting
