Removed Pin From Net: NetName=INT1 Pin=U?-9
Change Component Description : Designator=C1 Old Description=No Description Available New Description=SMD-805
Change Component Description : Designator=C2 Old Description=No Description Available New Description=SMD-805
Change Component Description : Designator=C9 Old Description=No Description Available New Description=SMD-805
Added Component: Designator=C?(CAPC220145_100N_KEM)
Add component (AddParameter): Name = "Copyright"; Value = "Copyright (C) 2023 Ultra Librarian. All rights reserved."; VariantName = "[No Variations]"
Add component (AddParameter): Name = "Manufacturer_Part_Number"; Value = "C0805C105Z4VACTU"; VariantName = "[No Variations]"
Add component (AddParameter): Name = "Mfr_Name"; Value = "Kemet"; VariantName = "[No Variations]"
Add component (AddParameter): Name = "RefDes"; Value = "RefDes"; VariantName = "[No Variations]"
Add component (AddParameter): Name = "Type"; Value = "DEV"; VariantName = "[No Variations]"
Added Component: Designator=J?(SAMTEC_SHF-103-01-L-D-SM)
Add component (AddParameter): Name = "Check_prices"; Value = "https://www.snapeda.com/parts/SHF-103-01-L-D-SM/Samtec/view-part/3351308/?ref=eda"; VariantName = "[No Variations]"
Add component (AddParameter): Name = "Digi-Key_Part_Number"; Value = "SHF-103-01-L-D-SM-LC-ND"; VariantName = "[No Variations]"
Add component (AddParameter): Name = "MF"; Value = "Samtec"; VariantName = "[No Variations]"
Add component (AddParameter): Name = "MP"; Value = "SHF-103-01-L-D-SM"; VariantName = "[No Variations]"
Add component (AddParameter): Name = "Package"; Value = "None"; VariantName = "[No Variations]"
Add component (AddParameter): Name = "Purchase-URL"; Value = "https://pricing.snapeda.com/search/part/SHF-103-01-L-D-SM/?ref=eda"; VariantName = "[No Variations]"
Add component (AddParameter): Name = "SnapEDA_Link"; Value = "https://www.snapeda.com/parts/SHF-103-01-L-D-SM/Samtec/view-part/3351308/?ref=snap"; VariantName = "[No Variations]"
Add component (AddParameter): Name = "Value"; Value = ""; VariantName = "[No Variations]"
Added Pin To Net: NetName=GND Pin=C?-1
Added Pin To Net: NetName=PWR_3V0 Pin=C?-1
Added Pin To Net: NetName=GND Pin=C?-2
Added Pin To Net: NetName=PWR_5V Pin=C?-2
Added Net: Name=ESP32_EN
Added Net: Name=ESP_IO0
Added Net: Name=ESP_RXD0
Added Net: Name=ESP_TXD0
Added Pin To Net: NetName=INT2/FSYNC/CLKIN Pin=U?-9
Added Net: Name=INT2/FSYNC/CLKIN
Added Net: Name=PWR_3V0_Prog
Added Member To Class: ClassName=Accelerometer Member=Component C? 100n
Added Member To Class: ClassName=Accelerometer Member=Component C? 1u
Added Member To Class: ClassName=Accelerometer Member=Component J? IDC 2X3 Conn
Added Member To Class: ClassName=Accelerometer Member=Component U? IIM-42352
Added Room: Name=Accelerometer
Added Room: Name=Power Harvesting
